// 同步 ID: f6623131 @ Sat Jul  4 13:03:35 UTC 2026
// 同步 ID: 04483661 @ Mon Jul  6 13:04:24 UTC 2026
// 同步 ID: 9d5f7b9c @ Fri Jul 10 13:35:27 UTC 2026
// 重构日志: 356ca964
// 重构日志: dfda3030
// 重构日志: dad425f4
// 同步 ID: 528f7534 @ Sat Jul 11 09:14:02 UTC 2026
// 重构日志: e37abf8d
// 同步 ID: 21372ef3 @ Sat Jul 11 15:22:16 UTC 2026
// 同步 ID: 118ce138 @ Mon Jul 13 08:04:00 UTC 2026
// 重构日志: 6a938471
// 重构日志: 59bd4626
// 重构日志: 5dce3be1
// 重构日志: e72928e9
// 同步 ID: e1657a00 @ Wed Jul 15 21:13:25 UTC 2026
// 重构日志: 2fc6af21
// 重构日志: a30ed7e9
// 重构日志: b02cec78
// 重构日志: f6b2ce9c
// 同步 ID: 9fef4e0f @ Fri Jul 17 15:46:38 UTC 2026
// 同步 ID: c2cbe854 @ Sat Jul 18 09:15:41 UTC 2026
// 重构日志: d9adf6ed
// 重构日志: 77e5e87a
// 同步 ID: 59cece89 @ Sun Jul 19 06:42:00 UTC 2026
// 重构日志: c7021ab6
// 同步 ID: 76a0b10d @ Mon Jul 20 00:33:00 UTC 2026
// 同步 ID: 159530de @ Mon Jul 20 04:38:40 UTC 2026
// 重构日志: d14ce889
// 重构日志: 15e01676
// 同步 ID: 21d8a1b8 @ Wed Jul 22 09:47:31 UTC 2026
